# JRE version: Java(TM) SE Runtime Environment (8.0_212-b10) (build 1.8.0_212-b10)
# Java VM: Java HotSpot(TM) 64-Bit Server VM (25.212-b10 mixed mode linux-amd64 compressed oops)
Heap:
 PSYoungGen      total 66560K, used 5104K [0x00000000d8100000, 0x00000000dc700000, 0x0000000100000000)
  eden space 61440K, 0% used [0x00000000d8100000,0x00000000d8100000,0x00000000dbd00000)
  from space 5120K, 99% used [0x00000000dbd00000,0x00000000dc1fc030,0x00000000dc200000)
  to   space 5120K, 0% used [0x00000000dc200000,0x00000000dc200000,0x00000000dc700000)
 ParOldGen       total 81920K, used 9706K [0x0000000088200000, 0x000000008d200000, 0x00000000d8100000)
  object space 81920K, 11% used [0x0000000088200000,0x0000000088b7a860,0x000000008d200000)
 Metaspace       used 20461K, capacity 20804K, committed 20864K, reserved 1067008K
  class space    used 2496K, capacity 2636K, committed 2688K, reserved 1048576K
GC Heap History (9 events):
Event: 0.884 GC heap before
{Heap before GC invocations=1 (full 0):
 PSYoungGen      total 35840K, used 30720K [0x00000000d8100000, 0x00000000da900000, 0x0000000100000000)
  eden space 30720K, 100% used [0x00000000d8100000,0x00000000d9f00000,0x00000000d9f00000)
  from space 5120K, 0% used [0x00000000da400000,0x00000000da400000,0x00000000da900000)
  to   space 5120K, 0% used [0x00000000d9f00000,0x00000000d9f00000,0x00000000da400000)
 ParOldGen       total 81920K, used 0K [0x0000000088200000, 0x000000008d200000, 0x00000000d8100000)
  object space 81920K, 0% used [0x0000000088200000,0x0000000088200000,0x000000008d200000)
 Metaspace       used 8315K, capacity 8476K, committed 8576K, reserved 1056768K
  class space    used 1019K, capacity 1080K, committed 1152K, reserved 1048576K
Event: 0.893 GC heap after
Heap after GC invocations=1 (full 0):
 PSYoungGen      total 35840K, used 4973K [0x00000000d8100000, 0x00000000da900000, 0x0000000100000000)
  eden space 30720K, 0% used [0x00000000d8100000,0x00000000d8100000,0x00000000d9f00000)
  from space 5120K, 97% used [0x00000000d9f00000,0x00000000da3db468,0x00000000da400000)
  to   space 5120K, 0% used [0x00000000da400000,0x00000000da400000,0x00000000da900000)
 ParOldGen       total 81920K, used 8K [0x0000000088200000, 0x000000008d200000, 0x00000000d8100000)
  object space 81920K, 0% used [0x0000000088200000,0x0000000088202000,0x000000008d200000)
 Metaspace       used 8315K, capacity 8476K, committed 8576K, reserved 1056768K
  class space    used 1019K, capacity 1080K, committed 1152K, reserved 1048576K
}
Event: 1.393 GC heap before
{Heap before GC invocations=2 (full 0):
 PSYoungGen      total 35840K, used 35693K [0x00000000d8100000, 0x00000000da900000, 0x0000000100000000)
  eden space 30720K, 100% used [0x00000000d8100000,0x00000000d9f00000,0x00000000d9f00000)
  from space 5120K, 97% used [0x00000000d9f00000,0x00000000da3db468,0x00000000da400000)
  to   space 5120K, 0% used [0x00000000da400000,0x00000000da400000,0x00000000da900000)
 ParOldGen       total 81920K, used 8K [0x0000000088200000, 0x000000008d200000, 0x00000000d8100000)
  object space 81920K, 0% used [0x0000000088200000,0x0000000088202000,0x000000008d200000)
 Metaspace       used 11596K, capacity 11746K, committed 11776K, reserved 1058816K
  class space    used 1429K, capacity 1507K, committed 1536K, reserved 1048576K
Event: 1.412 GC heap after
Heap after GC invocations=2 (full 0):
 PSYoungGen      total 35840K, used 5110K [0x00000000d8100000, 0x00000000dc700000, 0x0000000100000000)
  eden space 30720K, 0% used [0x00000000d8100000,0x00000000d8100000,0x00000000d9f00000)
  from space 5120K, 99% used [0x00000000da400000,0x00000000da8fd888,0x00000000da900000)
  to   space 5120K, 0% used [0x00000000d9f00000,0x00000000d9f00000,0x00000000da400000)
 ParOldGen       total 81920K, used 1410K [0x0000000088200000, 0x000000008d200000, 0x00000000d8100000)
  object space 81920K, 1% used [0x0000000088200000,0x0000000088360bd0,0x000000008d200000)
 Metaspace       used 11596K, capacity 11746K, committed 11776K, reserved 1058816K
  class space    used 1429K, capacity 1507K, committed 1536K, reserved 1048576K
}
Event: 2.188 GC heap before
{Heap before GC invocations=3 (full 0):
 PSYoungGen      total 35840K, used 35830K [0x00000000d8100000, 0x00000000dc700000, 0x0000000100000000)
  eden space 30720K, 100% used [0x00000000d8100000,0x00000000d9f00000,0x00000000d9f00000)
  from space 5120K, 99% used [0x00000000da400000,0x00000000da8fd888,0x00000000da900000)
  to   space 5120K, 0% used [0x00000000d9f00000,0x00000000d9f00000,0x00000000da400000)
 ParOldGen       total 81920K, used 1410K [0x0000000088200000, 0x000000008d200000, 0x00000000d8100000)
  object space 81920K, 1% used [0x0000000088200000,0x0000000088360bd0,0x000000008d200000)
 Metaspace       used 14843K, capacity 15074K, committed 15360K, reserved 1062912K
  class space    used 1825K, capacity 1939K, committed 2048K, reserved 1048576K
Event: 2.196 GC heap after
Heap after GC invocations=3 (full 0):
 PSYoungGen      total 35840K, used 5104K [0x00000000d8100000, 0x00000000dc700000, 0x0000000100000000)
  eden space 30720K, 0% used [0x00000000d8100000,0x00000000d8100000,0x00000000d9f00000)
  from space 5120K, 99% used [0x00000000d9f00000,0x00000000da3fc010,0x00000000da400000)
  to   space 5120K, 0% used [0x00000000dc200000,0x00000000dc200000,0x00000000dc700000)
 ParOldGen       total 81920K, used 3805K [0x0000000088200000, 0x000000008d200000, 0x00000000d8100000)
  object space 81920K, 4% used [0x0000000088200000,0x00000000885b74d8,0x000000008d200000)
 Metaspace       used 14843K, capacity 15074K, committed 15360K, reserved 1062912K
  class space    used 1825K, capacity 1939K, committed 2048K, reserved 1048576K
}
Event: 2.733 GC heap before
{Heap before GC invocations=4 (full 0):
 PSYoungGen      total 35840K, used 35824K [0x00000000d8100000, 0x00000000dc700000, 0x0000000100000000)
  eden space 30720K, 100% used [0x00000000d8100000,0x00000000d9f00000,0x00000000d9f00000)
  from space 5120K, 99% used [0x00000000d9f00000,0x00000000da3fc010,0x00000000da400000)
  to   space 5120K, 0% used [0x00000000dc200000,0x00000000dc200000,0x00000000dc700000)
 ParOldGen       total 81920K, used 3805K [0x0000000088200000, 0x000000008d200000, 0x00000000d8100000)
  object space 81920K, 4% used [0x0000000088200000,0x00000000885b74d8,0x000000008d200000)
 Metaspace       used 15305K, capacity 15560K, committed 15872K, reserved 1062912K
  class space    used 1855K, capacity 1972K, committed 2048K, reserved 1048576K
Event: 2.757 GC heap after
Heap after GC invocations=4 (full 0):
 PSYoungGen      total 66560K, used 5088K [0x00000000d8100000, 0x00000000dc700000, 0x0000000100000000)
  eden space 61440K, 0% used [0x00000000d8100000,0x00000000d8100000,0x00000000dbd00000)
  from space 5120K, 99% used [0x00000000dc200000,0x00000000dc6f8060,0x00000000dc700000)
  to   space 5120K, 0% used [0x00000000dbd00000,0x00000000dbd00000,0x00000000dc200000)
 ParOldGen       total 81920K, used 5008K [0x0000000088200000, 0x000000008d200000, 0x00000000d8100000)
  object space 81920K, 6% used [0x0000000088200000,0x00000000886e4200,0x000000008d200000)
 Metaspace       used 15305K, capacity 15560K, committed 15872K, reserved 1062912K
  class space    used 1855K, capacity 1972K, committed 2048K, reserved 1048576K
}
Event: 12.658 GC heap before
{Heap before GC invocations=5 (full 0):
 PSYoungGen      total 66560K, used 66528K [0x00000000d8100000, 0x00000000dc700000, 0x0000000100000000)
  eden space 61440K, 100% used [0x00000000d8100000,0x00000000dbd00000,0x00000000dbd00000)
  from space 5120K, 99% used [0x00000000dc200000,0x00000000dc6f8060,0x00000000dc700000)
  to   space 5120K, 0% used [0x00000000dbd00000,0x00000000dbd00000,0x00000000dc200000)
 ParOldGen       total 81920K, used 5008K [0x0000000088200000, 0x000000008d200000, 0x00000000d8100000)
  object space 81920K, 6% used [0x0000000088200000,0x00000000886e4200,0x000000008d200000)
 Metaspace       used 20461K, capacity 20804K, committed 20864K, reserved 1067008K
  class space    used 2496K, capacity 2636K, committed 2688K, reserved 1048576K

